Arguments: 
  /Users/simonas/.nvm/versions/node/v10.18.1/bin/node /Users/simonas/.yarn/bin/yarn.js add apollo-server graphql

PATH: 
  /Users/simonas/.nvm/versions/node/v10.18.1/bin:/Users/simonas/.yarn/bin:/Users/simonas/.config/yarn/global/node_modules/.bin:/Users/simonas/.nvm/versions/node/v12.13.1/bin:/Users/simonas/.cargo/bin:/usr/local/bin:/usr/bin:/bin:/usr/sbin:/sbin:/Library/Apple/usr/bin:/Users/simonas/.yarn/bin:/Users/simonas/.config/yarn/global/node_modules/.bin:/Users/simonas/.nvm/versions/node/v12.13.1/bin:/Users/simonas/.cargo/bin:/Users/simonas/Library/Android/sdk/tools:/Users/simonas/Library/Android/sdk/platform-tools:/Users/simonas/Library/Android/sdk/tools:/Users/simonas/Library/Android/sdk/platform-tools

Yarn version: 
  1.21.1

Node version: 
  10.18.1

Platform: 
  darwin x64

Trace: 
  SyntaxError: /Users/simonas/dev/uport-project/daf/examples/graphql/server/package.json: Unexpected token } in JSON at position 149
      at JSON.parse (<anonymous>)
      at /Users/simonas/.yarn/lib/cli.js:1625:59
      at Generator.next (<anonymous>)
      at step (/Users/simonas/.yarn/lib/cli.js:310:30)
      at /Users/simonas/.yarn/lib/cli.js:321:13

npm manifest: 
  {
    "name": "send-vc",
    "private": true,
    "version": "2.0.0",
    "main": "index.ts",
    "scripts": {
      "start": "DEBUG=daf:* ts-node server.ts",
    },
    "dependencies": {
      "daf-core": "../../packages/daf-core",
      "daf-did-comm": "../../packages/daf-did-comm",
      "daf-did-jwt": "../../packages/daf-did-jwt",
      "daf-ethr-did": "../../packages/daf-ethr-did",
      "daf-libsodium": "../../packages/daf-libsodium",
      "daf-resolver": "../../packages/daf-resolver",
      "daf-w3c": "../../packages/daf-w3c",
      "pg": "^7.18.2",
      "sqlite3": "^4.1.1",
      "ts-node": "^8.5.4",
      "typeorm": "^0.2.24",
      "typescript": "^3.7.3"
    },
    "license": "Apache-2.0"
  }

yarn manifest: 
  No manifest

Lockfile: 
  No lockfile
